<?xml version="1.0" encoding="UTF-8"?>
<!-- Generated by org.testng.reporters.JUnitReportReporter -->
<testsuite hostname="Hero-PC" failures="0" tests="1" name="log4j.BasicConfiguration" time="0.478" errors="1" timestamp="2021-07-29T13:40:01 IST" skipped="0">
  <testcase classname="log4j.BasicConfiguration" name="basicConfigurator" time="0.478">
    <error message="com/fasterxml/jackson/core/type/TypeReference" type="java.lang.NoClassDefFoundError">
      <![CDATA[java.lang.NoClassDefFoundError: com/fasterxml/jackson/core/type/TypeReference
at java.base/java.lang.Class.getDeclaredConstructors0(Native Method)
at java.base/java.lang.Class.privateGetDeclaredConstructors(Class.java:3137)
at java.base/java.lang.Class.getConstructor0(Class.java:3342)
at java.base/java.lang.Class.getConstructor(Class.java:2151)
at org.apache.logging.log4j.util.LoaderUtil.newInstanceOf(LoaderUtil.java:187)
at org.apache.logging.log4j.util.LoaderUtil.newInstanceOf(LoaderUtil.java:209)
at org.apache.logging.log4j.util.LoaderUtil.newCheckedInstanceOf(LoaderUtil.java:230)
at org.apache.logging.log4j.core.util.Loader.newCheckedInstanceOf(Loader.java:311)
at org.apache.logging.log4j.core.lookup.Interpolator.<init>(Interpolator.java:139)
at org.apache.logging.log4j.core.config.AbstractConfiguration.<init>(AbstractConfiguration.java:129)
at org.apache.logging.log4j.core.config.NullConfiguration.<init>(NullConfiguration.java:32)
at org.apache.logging.log4j.core.LoggerContext.<clinit>(LoggerContext.java:87)
at java.base/java.lang.Class.forName0(Native Method)
at java.base/java.lang.Class.forName(Class.java:315)
at org.apache.log4j.LogManager.<clinit>(LogManager.java:76)
at org.apache.log4j.BasicConfigurator.configure(BasicConfigurator.java:28)
at log4j.BasicConfiguration.basicConfigurator(BasicConfiguration.java:13)
at java.base/jdk.internal.reflect.NativeMethodAccessorImpl.invoke0(Native Method)
at java.base/jdk.internal.reflect.NativeMethodAccessorImpl.invoke(NativeMethodAccessorImpl.java:62)
at java.base/jdk.internal.reflect.DelegatingMethodAccessorImpl.invoke(DelegatingMethodAccessorImpl.java:43)
at java.base/java.lang.reflect.Method.invoke(Method.java:566)
at org.testng.internal.MethodInvocationHelper.invokeMethod(MethodInvocationHelper.java:133)
at org.testng.internal.TestInvoker.invokeMethod(TestInvoker.java:598)
at org.testng.internal.TestInvoker.invokeTestMethod(TestInvoker.java:173)
at org.testng.internal.MethodRunner.runInSequence(MethodRunner.java:46)
at org.testng.internal.TestInvoker$MethodInvocationAgent.invoke(TestInvoker.java:824)
at org.testng.internal.TestInvoker.invokeTestMethods(TestInvoker.java:146)
at org.testng.internal.TestMethodWorker.invokeTestMethods(TestMethodWorker.java:146)
at org.testng.internal.TestMethodWorker.run(TestMethodWorker.java:128)
at java.base/java.util.ArrayList.forEach(ArrayList.java:1541)
at org.testng.TestRunner.privateRun(TestRunner.java:794)
at org.testng.TestRunner.run(TestRunner.java:596)
at org.testng.SuiteRunner.runTest(SuiteRunner.java:377)
at org.testng.SuiteRunner.runSequentially(SuiteRunner.java:371)
at org.testng.SuiteRunner.privateRun(SuiteRunner.java:332)
at org.testng.SuiteRunner.run(SuiteRunner.java:276)
at org.testng.SuiteRunnerWorker.runSuite(SuiteRunnerWorker.java:53)
at org.testng.SuiteRunnerWorker.run(SuiteRunnerWorker.java:96)
at org.testng.TestNG.runSuitesSequentially(TestNG.java:1212)
at org.testng.TestNG.runSuitesLocally(TestNG.java:1134)
at org.testng.TestNG.runSuites(TestNG.java:1063)
at org.testng.TestNG.run(TestNG.java:1031)
at org.testng.remote.AbstractRemoteTestNG.run(AbstractRemoteTestNG.java:115)
at org.testng.remote.RemoteTestNG.initAndRun(RemoteTestNG.java:251)
at org.testng.remote.RemoteTestNG.main(RemoteTestNG.java:77)
Caused by: java.lang.ClassNotFoundException: com.fasterxml.jackson.core.type.TypeReference
at java.base/jdk.internal.loader.BuiltinClassLoader.loadClass(BuiltinClassLoader.java:581)
at java.base/jdk.internal.loader.ClassLoaders$AppClassLoader.loadClass(ClassLoaders.java:178)
at java.base/java.lang.ClassLoader.loadClass(ClassLoader.java:521)
... 45 more
]]>
    </error>
  </testcase> <!-- basicConfigurator -->
  <system-out/>
</testsuite> <!-- log4j.BasicConfiguration -->
