<?xml version="1.0" encoding="UTF-8"?>
<!-- Generated by org.testng.reporters.JUnitReportReporter -->
<testsuite hostname="Hero-PC" failures="0" tests="1" name="com.webdriver.ButtonModule" time="10.615" errors="0" timestamp="2021-07-29T13:38:53 IST" skipped="0">
  <testcase classname="com.webdriver.ButtonModule" name="module1" time="10.615"/>
  <system-out/>
</testsuite> <!-- com.webdriver.ButtonModule -->
