<?xml version="1.0" encoding="UTF-8"?>
<!-- Generated by org.testng.reporters.JUnitReportReporter -->
<testsuite hostname="Hero-PC" failures="0" tests="1" name="com.webdriver.ScreenShots" time="7.366" errors="0" timestamp="2021-07-29T16:01:26 IST" skipped="0">
  <testcase classname="com.webdriver.ScreenShots" name="dragAndDrop" time="7.366"/>
  <system-out/>
</testsuite> <!-- com.webdriver.ScreenShots -->
